android/app/build/intermediates/manifest_merge_blame_file/debug/manifest-merger-blame-debug-report.txt
1<?xml version="1.0" encoding="utf-8"?>
2<manifest xmlns:android="http://schemas.android.com/apk/res/android"
3    package="com.techpro.lexyapp"
4    android:versionCode="1"
5    android:versionName="1.0" >
6
7    <uses-sdk
8        android:minSdkVersion="23"
9        android:targetSdkVersion="34" />
10    <!--
11         The INTERNET permission is required for development. Specifically,
12         the Flutter tool needs it to communicate with the running application
13         to allow setting breakpoints, to provide hot reload, etc.
14    -->
15    <uses-permission android:name="android.permission.INTERNET" />
15-->src/debug/AndroidManifest.xml:6:5-66
15-->src/debug/AndroidManifest.xml:6:22-64
16    <!--
17     Required to query activities that can process text, see:
18         https://developer.android.com/training/package-visibility and
19         https://developer.android.com/reference/android/content/Intent#ACTION_PROCESS_TEXT.
20
21         In particular, this is used by the Flutter engine in io.flutter.plugin.text.ProcessTextPlugin.
22    -->
23    <queries>
23-->src/main/AndroidManifest.xml:39:5-44:15
24        <intent>
24-->src/main/AndroidManifest.xml:40:9-43:18
25            <action android:name="android.intent.action.PROCESS_TEXT" />
25-->src/main/AndroidManifest.xml:41:13-72
25-->src/main/AndroidManifest.xml:41:21-70
26
27            <data android:mimeType="text/plain" />
27-->src/main/AndroidManifest.xml:42:13-50
27-->src/main/AndroidManifest.xml:42:19-48
28        </intent>
29        <intent>
29-->[:file_picker] AndroidManifest.xml:14:9-18:18
30            <action android:name="android.intent.action.GET_CONTENT" />
30-->[:file_picker] AndroidManifest.xml:15:13-72
30-->[:file_picker] AndroidManifest.xml:15:21-69
31
32            <data android:mimeType="*/*" />
32-->src/main/AndroidManifest.xml:42:13-50
32-->src/main/AndroidManifest.xml:42:19-48
33        </intent>
34
35        <package android:name="com.facebook.katana" /> <!-- Needs to be explicitly declared on Android R+ -->
35-->[com.facebook.android:facebook-common:17.0.1] AndroidManifest.xml:18:9-55
35-->[com.facebook.android:facebook-common:17.0.1] AndroidManifest.xml:18:18-52
36        <package android:name="com.google.android.apps.maps" />
36-->[com.google.android.gms:play-services-maps:18.2.0] AndroidManifest.xml:33:9-64
36-->[com.google.android.gms:play-services-maps:18.2.0] AndroidManifest.xml:33:18-61
37    </queries>
38
39    <uses-permission
39-->[:file_picker] AndroidManifest.xml:9:5-11:38
40        android:name="android.permission.READ_EXTERNAL_STORAGE"
40-->[:file_picker] AndroidManifest.xml:10:9-64
41        android:maxSdkVersion="32" />
41-->[:file_picker] AndroidManifest.xml:11:9-35
42    <uses-permission android:name="android.permission.ACCESS_NETWORK_STATE" />
42-->[:firebase_analytics] AndroidManifest.xml:9:5-79
42-->[:firebase_analytics] AndroidManifest.xml:9:22-76
43    <uses-permission android:name="android.permission.WAKE_LOCK" /> <!-- Permissions options for the `notification` group -->
43-->[:firebase_analytics] AndroidManifest.xml:11:5-68
43-->[:firebase_analytics] AndroidManifest.xml:11:22-65
44    <uses-permission android:name="android.permission.POST_NOTIFICATIONS" />
44-->[:firebase_messaging] AndroidManifest.xml:13:5-77
44-->[:firebase_messaging] AndroidManifest.xml:13:22-74
45    <uses-permission android:name="android.permission.VIBRATE" />
45-->[:flutter_local_notifications] AndroidManifest.xml:9:5-66
45-->[:flutter_local_notifications] AndroidManifest.xml:9:22-63
46    <uses-permission android:name="android.permission.ACCESS_COARSE_LOCATION" />
46-->[:location] AndroidManifest.xml:9:5-81
46-->[:location] AndroidManifest.xml:9:22-78
47    <uses-permission android:name="android.permission.ACCESS_FINE_LOCATION" />
47-->[:location] AndroidManifest.xml:10:5-79
47-->[:location] AndroidManifest.xml:10:22-76
48    <uses-permission android:name="com.google.android.providers.gsf.permission.READ_GSERVICES" /> <!-- Required by older versions of Google Play services to create IID tokens -->
48-->[com.google.android.recaptcha:recaptcha:18.5.1] AndroidManifest.xml:9:5-98
48-->[com.google.android.recaptcha:recaptcha:18.5.1] AndroidManifest.xml:9:22-95
49    <uses-permission android:name="com.google.android.c2dm.permission.RECEIVE" />
49-->[com.google.firebase:firebase-messaging:24.1.0] AndroidManifest.xml:26:5-82
49-->[com.google.firebase:firebase-messaging:24.1.0] AndroidManifest.xml:26:22-79
50    <uses-permission android:name="com.google.android.gms.permission.AD_ID" />
50-->[com.google.android.gms:play-services-measurement-api:22.1.2] AndroidManifest.xml:25:5-79
50-->[com.google.android.gms:play-services-measurement-api:22.1.2] AndroidManifest.xml:25:22-76
51    <uses-permission android:name="android.permission.ACCESS_ADSERVICES_ATTRIBUTION" />
51-->[com.google.android.gms:play-services-measurement-api:22.1.2] AndroidManifest.xml:26:5-88
51-->[com.google.android.gms:play-services-measurement-api:22.1.2] AndroidManifest.xml:26:22-85
52    <uses-permission android:name="android.permission.ACCESS_ADSERVICES_AD_ID" />
52-->[com.google.android.gms:play-services-measurement-api:22.1.2] AndroidManifest.xml:27:5-82
52-->[com.google.android.gms:play-services-measurement-api:22.1.2] AndroidManifest.xml:27:22-79
53    <uses-permission android:name="com.google.android.finsky.permission.BIND_GET_INSTALL_REFERRER_SERVICE" />
53-->[com.google.android.gms:play-services-measurement:22.1.2] AndroidManifest.xml:26:5-110
53-->[com.google.android.gms:play-services-measurement:22.1.2] AndroidManifest.xml:26:22-107
54
55    <uses-feature
55-->[com.google.android.gms:play-services-maps:18.2.0] AndroidManifest.xml:26:5-28:35
56        android:glEsVersion="0x00020000"
56-->[com.google.android.gms:play-services-maps:18.2.0] AndroidManifest.xml:27:9-41
57        android:required="true" />
57-->[com.google.android.gms:play-services-maps:18.2.0] AndroidManifest.xml:28:9-32
58
59    <permission
59-->[androidx.core:core:1.13.1] AndroidManifest.xml:22:5-24:47
60        android:name="com.techpro.lexyapp.DYNAMIC_RECEIVER_NOT_EXPORTED_PERMISSION"
60-->[androidx.core:core:1.13.1] AndroidManifest.xml:23:9-81
61        android:protectionLevel="signature" />
61-->[androidx.core:core:1.13.1] AndroidManifest.xml:24:9-44
62
63    <uses-permission android:name="com.techpro.lexyapp.DYNAMIC_RECEIVER_NOT_EXPORTED_PERMISSION" />
63-->[androidx.core:core:1.13.1] AndroidManifest.xml:26:5-97
63-->[androidx.core:core:1.13.1] AndroidManifest.xml:26:22-94
64
65    <application
66        android:name="android.app.Application"
67        android:appComponentFactory="androidx.core.app.CoreComponentFactory"
67-->[androidx.core:core:1.13.1] AndroidManifest.xml:28:18-86
68        android:debuggable="true"
69        android:extractNativeLibs="false"
70        android:icon="@mipmap/ic_launcher"
71        android:label="LexyApp"
72        android:supportsRtl="true" >
72-->[com.facebook.android:facebook-login:17.0.1] AndroidManifest.xml:16:18-44
73        <activity
74            android:name="com.techpro.lexyapp.MainActivity"
75            android:configChanges="orientation|keyboardHidden|keyboard|screenSize|smallestScreenSize|locale|layoutDirection|fontScale|screenLayout|density|uiMode"
76            android:exported="true"
77            android:hardwareAccelerated="true"
78            android:launchMode="singleTop"
79            android:taskAffinity=""
80            android:theme="@style/LaunchTheme"
81            android:windowSoftInputMode="adjustResize" >
82
83            <!--
84                 Specifies an Android theme to apply to this Activity as soon as
85                 the Android process has started. This theme is visible to the user
86                 while the Flutter UI initializes. After that, this theme continues
87                 to determine the Window background behind the Flutter UI.
88            -->
89            <meta-data
90                android:name="io.flutter.embedding.android.NormalTheme"
91                android:resource="@style/NormalTheme" />
92
93            <intent-filter>
94                <action android:name="android.intent.action.MAIN" />
95
96                <category android:name="android.intent.category.LAUNCHER" />
97            </intent-filter>
98        </activity>
99        <!--
100             Don't delete the meta-data below.
101             This is used by the Flutter tool to generate GeneratedPluginRegistrant.java
102        -->
103        <meta-data
104            android:name="flutterEmbedding"
105            android:value="2" />
106
107        <service
107-->[:cloud_firestore] AndroidManifest.xml:10:9-14:19
108            android:name="com.google.firebase.components.ComponentDiscoveryService"
108-->[:cloud_firestore] AndroidManifest.xml:10:18-89
109            android:directBootAware="true"
109-->[com.google.firebase:firebase-common:21.0.0] AndroidManifest.xml:32:13-43
110            android:exported="false" >
110-->[com.google.firebase:firebase-auth:23.1.0] AndroidManifest.xml:68:13-37
111            <meta-data
111-->[:cloud_firestore] AndroidManifest.xml:11:13-13:85
112                android:name="com.google.firebase.components:io.flutter.plugins.firebase.firestore.FlutterFirebaseFirestoreRegistrar"
112-->[:cloud_firestore] AndroidManifest.xml:12:17-134
113                android:value="com.google.firebase.components.ComponentRegistrar" />
113-->[:cloud_firestore] AndroidManifest.xml:13:17-82
114            <meta-data
114-->[:cloud_functions] AndroidManifest.xml:11:13-13:85
115                android:name="com.google.firebase.components:io.flutter.plugins.firebase.functions.FlutterFirebaseAppRegistrar"
115-->[:cloud_functions] AndroidManifest.xml:12:17-128
116                android:value="com.google.firebase.components.ComponentRegistrar" />
116-->[:cloud_functions] AndroidManifest.xml:13:17-82
117            <meta-data
117-->[:firebase_analytics] AndroidManifest.xml:15:13-17:85
118                android:name="com.google.firebase.components:io.flutter.plugins.firebase.analytics.FlutterFirebaseAppRegistrar"
118-->[:firebase_analytics] AndroidManifest.xml:16:17-128
119                android:value="com.google.firebase.components.ComponentRegistrar" />
119-->[:firebase_analytics] AndroidManifest.xml:17:17-82
120            <meta-data
120-->[:firebase_auth] AndroidManifest.xml:11:13-13:85
121                android:name="com.google.firebase.components:io.flutter.plugins.firebase.auth.FlutterFirebaseAuthRegistrar"
121-->[:firebase_auth] AndroidManifest.xml:12:17-124
122                android:value="com.google.firebase.components.ComponentRegistrar" />
122-->[:firebase_auth] AndroidManifest.xml:13:17-82
123            <meta-data
123-->[:firebase_messaging] AndroidManifest.xml:38:13-40:85
124                android:name="com.google.firebase.components:io.flutter.plugins.firebase.messaging.FlutterFirebaseAppRegistrar"
124-->[:firebase_messaging] AndroidManifest.xml:39:17-128
125                android:value="com.google.firebase.components.ComponentRegistrar" />
125-->[:firebase_messaging] AndroidManifest.xml:40:17-82
126            <meta-data
126-->[:firebase_storage] AndroidManifest.xml:11:13-13:85
127                android:name="com.google.firebase.components:io.flutter.plugins.firebase.storage.FlutterFirebaseAppRegistrar"
127-->[:firebase_storage] AndroidManifest.xml:12:17-126
128                android:value="com.google.firebase.components.ComponentRegistrar" />
128-->[:firebase_storage] AndroidManifest.xml:13:17-82
129            <meta-data
129-->[:firebase_core] AndroidManifest.xml:11:13-13:85
130                android:name="com.google.firebase.components:io.flutter.plugins.firebase.core.FlutterFirebaseCoreRegistrar"
130-->[:firebase_core] AndroidManifest.xml:12:17-124
131                android:value="com.google.firebase.components.ComponentRegistrar" />
131-->[:firebase_core] AndroidManifest.xml:13:17-82
132            <meta-data
132-->[com.google.firebase:firebase-auth:23.1.0] AndroidManifest.xml:69:13-71:85
133                android:name="com.google.firebase.components:com.google.firebase.auth.FirebaseAuthRegistrar"
133-->[com.google.firebase:firebase-auth:23.1.0] AndroidManifest.xml:70:17-109
134                android:value="com.google.firebase.components.ComponentRegistrar" />
134-->[com.google.firebase:firebase-auth:23.1.0] AndroidManifest.xml:71:17-82
135            <meta-data
135-->[com.google.firebase:firebase-firestore:25.1.1] AndroidManifest.xml:17:13-19:85
136                android:name="com.google.firebase.components:com.google.firebase.firestore.FirebaseFirestoreKtxRegistrar"
136-->[com.google.firebase:firebase-firestore:25.1.1] AndroidManifest.xml:18:17-122
137                android:value="com.google.firebase.components.ComponentRegistrar" />
137-->[com.google.firebase:firebase-firestore:25.1.1] AndroidManifest.xml:19:17-82
138            <meta-data
138-->[com.google.firebase:firebase-firestore:25.1.1] AndroidManifest.xml:20:13-22:85
139                android:name="com.google.firebase.components:com.google.firebase.firestore.FirestoreRegistrar"
139-->[com.google.firebase:firebase-firestore:25.1.1] AndroidManifest.xml:21:17-111
140                android:value="com.google.firebase.components.ComponentRegistrar" />
140-->[com.google.firebase:firebase-firestore:25.1.1] AndroidManifest.xml:22:17-82
141            <meta-data
141-->[com.google.firebase:firebase-storage:21.0.1] AndroidManifest.xml:30:13-32:85
142                android:name="com.google.firebase.components:com.google.firebase.storage.FirebaseStorageKtxRegistrar"
142-->[com.google.firebase:firebase-storage:21.0.1] AndroidManifest.xml:31:17-118
143                android:value="com.google.firebase.components.ComponentRegistrar" />
143-->[com.google.firebase:firebase-storage:21.0.1] AndroidManifest.xml:32:17-82
144            <meta-data
144-->[com.google.firebase:firebase-storage:21.0.1] AndroidManifest.xml:33:13-35:85
145                android:name="com.google.firebase.components:com.google.firebase.storage.StorageRegistrar"
145-->[com.google.firebase:firebase-storage:21.0.1] AndroidManifest.xml:34:17-107
146                android:value="com.google.firebase.components.ComponentRegistrar" />
146-->[com.google.firebase:firebase-storage:21.0.1] AndroidManifest.xml:35:17-82
147            <meta-data
147-->[com.google.firebase:firebase-functions:21.1.0] AndroidManifest.xml:15:13-17:85
148                android:name="com.google.firebase.components:com.google.firebase.functions.FirebaseFunctionsKtxRegistrar"
148-->[com.google.firebase:firebase-functions:21.1.0] AndroidManifest.xml:16:17-122
149                android:value="com.google.firebase.components.ComponentRegistrar" />
149-->[com.google.firebase:firebase-functions:21.1.0] AndroidManifest.xml:17:17-82
150            <meta-data
150-->[com.google.firebase:firebase-functions:21.1.0] AndroidManifest.xml:18:13-20:85
151                android:name="com.google.firebase.components:com.google.firebase.functions.FunctionsRegistrar"
151-->[com.google.firebase:firebase-functions:21.1.0] AndroidManifest.xml:19:17-111
152                android:value="com.google.firebase.components.ComponentRegistrar" />
152-->[com.google.firebase:firebase-functions:21.1.0] AndroidManifest.xml:20:17-82
153            <meta-data
153-->[com.google.firebase:firebase-messaging:24.1.0] AndroidManifest.xml:57:13-59:85
154                android:name="com.google.firebase.components:com.google.firebase.messaging.FirebaseMessagingKtxRegistrar"
154-->[com.google.firebase:firebase-messaging:24.1.0] AndroidManifest.xml:58:17-122
155                android:value="com.google.firebase.components.ComponentRegistrar" />
155-->[com.google.firebase:firebase-messaging:24.1.0] AndroidManifest.xml:59:17-82
156            <meta-data
156-->[com.google.firebase:firebase-messaging:24.1.0] AndroidManifest.xml:60:13-62:85
157                android:name="com.google.firebase.components:com.google.firebase.messaging.FirebaseMessagingRegistrar"
157-->[com.google.firebase:firebase-messaging:24.1.0] AndroidManifest.xml:61:17-119
158                android:value="com.google.firebase.components.ComponentRegistrar" />
158-->[com.google.firebase:firebase-messaging:24.1.0] AndroidManifest.xml:62:17-82
159            <meta-data
159-->[com.google.android.gms:play-services-measurement-api:22.1.2] AndroidManifest.xml:37:13-39:85
160                android:name="com.google.firebase.components:com.google.firebase.analytics.connector.internal.AnalyticsConnectorRegistrar"
160-->[com.google.android.gms:play-services-measurement-api:22.1.2] AndroidManifest.xml:38:17-139
161                android:value="com.google.firebase.components.ComponentRegistrar" />
161-->[com.google.android.gms:play-services-measurement-api:22.1.2] AndroidManifest.xml:39:17-82
162            <meta-data
162-->[com.google.firebase:firebase-iid:21.1.0] AndroidManifest.xml:32:13-34:85
163                android:name="com.google.firebase.components:com.google.firebase.iid.Registrar"
163-->[com.google.firebase:firebase-iid:21.1.0] AndroidManifest.xml:33:17-96
164                android:value="com.google.firebase.components.ComponentRegistrar" />
164-->[com.google.firebase:firebase-iid:21.1.0] AndroidManifest.xml:34:17-82
165            <meta-data
165-->[com.google.firebase:firebase-installations:18.0.0] AndroidManifest.xml:15:13-17:85
166                android:name="com.google.firebase.components:com.google.firebase.installations.FirebaseInstallationsKtxRegistrar"
166-->[com.google.firebase:firebase-installations:18.0.0] AndroidManifest.xml:16:17-130
167                android:value="com.google.firebase.components.ComponentRegistrar" />
167-->[com.google.firebase:firebase-installations:18.0.0] AndroidManifest.xml:17:17-82
168            <meta-data
168-->[com.google.firebase:firebase-installations:18.0.0] AndroidManifest.xml:18:13-20:85
169                android:name="com.google.firebase.components:com.google.firebase.installations.FirebaseInstallationsRegistrar"
169-->[com.google.firebase:firebase-installations:18.0.0] AndroidManifest.xml:19:17-127
170                android:value="com.google.firebase.components.ComponentRegistrar" />
170-->[com.google.firebase:firebase-installations:18.0.0] AndroidManifest.xml:20:17-82
171            <meta-data
171-->[com.google.firebase:firebase-appcheck:18.0.0] AndroidManifest.xml:25:13-27:85
172                android:name="com.google.firebase.components:com.google.firebase.appcheck.FirebaseAppCheckKtxRegistrar"
172-->[com.google.firebase:firebase-appcheck:18.0.0] AndroidManifest.xml:26:17-120
173                android:value="com.google.firebase.components.ComponentRegistrar" />
173-->[com.google.firebase:firebase-appcheck:18.0.0] AndroidManifest.xml:27:17-82
174            <meta-data
174-->[com.google.firebase:firebase-appcheck:18.0.0] AndroidManifest.xml:28:13-30:85
175                android:name="com.google.firebase.components:com.google.firebase.appcheck.FirebaseAppCheckRegistrar"
175-->[com.google.firebase:firebase-appcheck:18.0.0] AndroidManifest.xml:29:17-117
176                android:value="com.google.firebase.components.ComponentRegistrar" />
176-->[com.google.firebase:firebase-appcheck:18.0.0] AndroidManifest.xml:30:17-82
177            <meta-data
177-->[com.google.firebase:firebase-common-ktx:21.0.0] AndroidManifest.xml:12:13-14:85
178                android:name="com.google.firebase.components:com.google.firebase.ktx.FirebaseCommonLegacyRegistrar"
178-->[com.google.firebase:firebase-common-ktx:21.0.0] AndroidManifest.xml:13:17-116
179                android:value="com.google.firebase.components.ComponentRegistrar" />
179-->[com.google.firebase:firebase-common-ktx:21.0.0] AndroidManifest.xml:14:17-82
180            <meta-data
180-->[com.google.firebase:firebase-common:21.0.0] AndroidManifest.xml:35:13-37:85
181                android:name="com.google.firebase.components:com.google.firebase.FirebaseCommonKtxRegistrar"
181-->[com.google.firebase:firebase-common:21.0.0] AndroidManifest.xml:36:17-109
182                android:value="com.google.firebase.components.ComponentRegistrar" />
182-->[com.google.firebase:firebase-common:21.0.0] AndroidManifest.xml:37:17-82
183            <meta-data
183-->[com.google.firebase:firebase-datatransport:18.2.0] AndroidManifest.xml:25:13-27:85
184                android:name="com.google.firebase.components:com.google.firebase.datatransport.TransportRegistrar"
184-->[com.google.firebase:firebase-datatransport:18.2.0] AndroidManifest.xml:26:17-115
185                android:value="com.google.firebase.components.ComponentRegistrar" />
185-->[com.google.firebase:firebase-datatransport:18.2.0] AndroidManifest.xml:27:17-82
186        </service>
187        <service
187-->[:firebase_messaging] AndroidManifest.xml:16:9-19:72
188            android:name="io.flutter.plugins.firebase.messaging.FlutterFirebaseMessagingBackgroundService"
188-->[:firebase_messaging] AndroidManifest.xml:17:13-107
189            android:exported="false"
189-->[:firebase_messaging] AndroidManifest.xml:18:13-37
190            android:permission="android.permission.BIND_JOB_SERVICE" />
190-->[:firebase_messaging] AndroidManifest.xml:19:13-69
191        <service
191-->[:firebase_messaging] AndroidManifest.xml:20:9-26:19
192            android:name="io.flutter.plugins.firebase.messaging.FlutterFirebaseMessagingService"
192-->[:firebase_messaging] AndroidManifest.xml:21:13-97
193            android:exported="false" >
193-->[:firebase_messaging] AndroidManifest.xml:22:13-37
194            <intent-filter>
194-->[:firebase_messaging] AndroidManifest.xml:23:13-25:29
195                <action android:name="com.google.firebase.MESSAGING_EVENT" />
195-->[:firebase_messaging] AndroidManifest.xml:24:17-78
195-->[:firebase_messaging] AndroidManifest.xml:24:25-75
196            </intent-filter>
197        </service>
198
199        <receiver
199-->[:firebase_messaging] AndroidManifest.xml:28:9-35:20
200            android:name="io.flutter.plugins.firebase.messaging.FlutterFirebaseMessagingReceiver"
200-->[:firebase_messaging] AndroidManifest.xml:29:13-98
201            android:exported="true"
201-->[:firebase_messaging] AndroidManifest.xml:30:13-36
202            android:permission="com.google.android.c2dm.permission.SEND" >
202-->[:firebase_messaging] AndroidManifest.xml:31:13-73
203            <intent-filter>
203-->[:firebase_messaging] AndroidManifest.xml:32:13-34:29
204                <action android:name="com.google.android.c2dm.intent.RECEIVE" />
204-->[:firebase_messaging] AndroidManifest.xml:33:17-81
204-->[:firebase_messaging] AndroidManifest.xml:33:25-78
205            </intent-filter>
206        </receiver>
207
208        <provider
208-->[:firebase_messaging] AndroidManifest.xml:43:9-47:38
209            android:name="io.flutter.plugins.firebase.messaging.FlutterFirebaseMessagingInitProvider"
209-->[:firebase_messaging] AndroidManifest.xml:44:13-102
210            android:authorities="com.techpro.lexyapp.flutterfirebasemessaginginitprovider"
210-->[:firebase_messaging] AndroidManifest.xml:45:13-88
211            android:exported="false"
211-->[:firebase_messaging] AndroidManifest.xml:46:13-37
212            android:initOrder="99" />
212-->[:firebase_messaging] AndroidManifest.xml:47:13-35
213        <provider
213-->[:image_picker_android] AndroidManifest.xml:11:9-19:20
214            android:name="io.flutter.plugins.imagepicker.ImagePickerFileProvider"
214-->[:image_picker_android] AndroidManifest.xml:12:13-82
215            android:authorities="com.techpro.lexyapp.flutter.image_provider"
215-->[:image_picker_android] AndroidManifest.xml:13:13-74
216            android:exported="false"
216-->[:image_picker_android] AndroidManifest.xml:14:13-37
217            android:grantUriPermissions="true" >
217-->[:image_picker_android] AndroidManifest.xml:15:13-47
218            <meta-data
218-->[:image_picker_android] AndroidManifest.xml:16:13-18:75
219                android:name="android.support.FILE_PROVIDER_PATHS"
219-->[:image_picker_android] AndroidManifest.xml:17:17-67
220                android:resource="@xml/flutter_image_picker_file_paths" />
220-->[:image_picker_android] AndroidManifest.xml:18:17-72
221        </provider> <!-- Trigger Google Play services to install the backported photo picker module. -->
222        <service
222-->[:image_picker_android] AndroidManifest.xml:21:9-33:19
223            android:name="com.google.android.gms.metadata.ModuleDependencies"
223-->[:image_picker_android] AndroidManifest.xml:22:13-78
224            android:enabled="false"
224-->[:image_picker_android] AndroidManifest.xml:23:13-36
225            android:exported="false" >
225-->[:image_picker_android] AndroidManifest.xml:24:13-37
226            <intent-filter>
226-->[:image_picker_android] AndroidManifest.xml:26:13-28:29
227                <action android:name="com.google.android.gms.metadata.MODULE_DEPENDENCIES" />
227-->[:image_picker_android] AndroidManifest.xml:27:17-94
227-->[:image_picker_android] AndroidManifest.xml:27:25-91
228            </intent-filter>
229
230            <meta-data
230-->[:image_picker_android] AndroidManifest.xml:30:13-32:36
231                android:name="photopicker_activity:0:required"
231-->[:image_picker_android] AndroidManifest.xml:31:17-63
232                android:value="" />
232-->[:image_picker_android] AndroidManifest.xml:32:17-33
233        </service>
234        <service
234-->[:geolocator_android] AndroidManifest.xml:10:9-14:56
235            android:name="com.baseflow.geolocator.GeolocatorLocationService"
235-->[:geolocator_android] AndroidManifest.xml:11:13-77
236            android:enabled="true"
236-->[:geolocator_android] AndroidManifest.xml:12:13-35
237            android:exported="false"
237-->[:geolocator_android] AndroidManifest.xml:13:13-37
238            android:foregroundServiceType="location" />
238-->[:geolocator_android] AndroidManifest.xml:14:13-53
239        <service
239-->[:location] AndroidManifest.xml:13:9-17:56
240            android:name="com.lyokone.location.FlutterLocationService"
240-->[:location] AndroidManifest.xml:14:13-71
241            android:enabled="true"
241-->[:location] AndroidManifest.xml:15:13-35
242            android:exported="false"
242-->[:location] AndroidManifest.xml:16:13-37
243            android:foregroundServiceType="location" />
243-->[:location] AndroidManifest.xml:17:13-53
244
245        <activity
245-->[:url_launcher_android] AndroidManifest.xml:10:9-13:74
246            android:name="io.flutter.plugins.urllauncher.WebViewActivity"
246-->[:url_launcher_android] AndroidManifest.xml:11:13-74
247            android:exported="false"
247-->[:url_launcher_android] AndroidManifest.xml:12:13-37
248            android:theme="@android:style/Theme.NoTitleBar.Fullscreen" />
248-->[:url_launcher_android] AndroidManifest.xml:13:13-71
249        <activity
249-->[com.google.firebase:firebase-auth:23.1.0] AndroidManifest.xml:29:9-46:20
250            android:name="com.google.firebase.auth.internal.GenericIdpActivity"
250-->[com.google.firebase:firebase-auth:23.1.0] AndroidManifest.xml:30:13-80
251            android:excludeFromRecents="true"
251-->[com.google.firebase:firebase-auth:23.1.0] AndroidManifest.xml:31:13-46
252            android:exported="true"
252-->[com.google.firebase:firebase-auth:23.1.0] AndroidManifest.xml:32:13-36
253            android:launchMode="singleTask"
253-->[com.google.firebase:firebase-auth:23.1.0] AndroidManifest.xml:33:13-44
254            android:theme="@android:style/Theme.Translucent.NoTitleBar" >
254-->[com.google.firebase:firebase-auth:23.1.0] AndroidManifest.xml:34:13-72
255            <intent-filter>
255-->[com.google.firebase:firebase-auth:23.1.0] AndroidManifest.xml:35:13-45:29
256                <action android:name="android.intent.action.VIEW" />
256-->[com.google.firebase:firebase-auth:23.1.0] AndroidManifest.xml:36:17-69
256-->[com.google.firebase:firebase-auth:23.1.0] AndroidManifest.xml:36:25-66
257
258                <category android:name="android.intent.category.DEFAULT" />
258-->[com.google.firebase:firebase-auth:23.1.0] AndroidManifest.xml:38:17-76
258-->[com.google.firebase:firebase-auth:23.1.0] AndroidManifest.xml:38:27-73
259                <category android:name="android.intent.category.BROWSABLE" />
259-->[com.google.firebase:firebase-auth:23.1.0] AndroidManifest.xml:39:17-78
259-->[com.google.firebase:firebase-auth:23.1.0] AndroidManifest.xml:39:27-75
260
261                <data
261-->src/main/AndroidManifest.xml:42:13-50
262                    android:host="firebase.auth"
263                    android:path="/"
264                    android:scheme="genericidp" />
265            </intent-filter>
266        </activity>
267        <activity
267-->[com.google.firebase:firebase-auth:23.1.0] AndroidManifest.xml:47:9-64:20
268            android:name="com.google.firebase.auth.internal.RecaptchaActivity"
268-->[com.google.firebase:firebase-auth:23.1.0] AndroidManifest.xml:48:13-79
269            android:excludeFromRecents="true"
269-->[com.google.firebase:firebase-auth:23.1.0] AndroidManifest.xml:49:13-46
270            android:exported="true"
270-->[com.google.firebase:firebase-auth:23.1.0] AndroidManifest.xml:50:13-36
271            android:launchMode="singleTask"
271-->[com.google.firebase:firebase-auth:23.1.0] AndroidManifest.xml:51:13-44
272            android:theme="@android:style/Theme.Translucent.NoTitleBar" >
272-->[com.google.firebase:firebase-auth:23.1.0] AndroidManifest.xml:52:13-72
273            <intent-filter>
273-->[com.google.firebase:firebase-auth:23.1.0] AndroidManifest.xml:53:13-63:29
274                <action android:name="android.intent.action.VIEW" />
274-->[com.google.firebase:firebase-auth:23.1.0] AndroidManifest.xml:36:17-69
274-->[com.google.firebase:firebase-auth:23.1.0] AndroidManifest.xml:36:25-66
275
276                <category android:name="android.intent.category.DEFAULT" />